


ARM Macro Assembler    Page 1 


    1 00000000         ; Copyright (c) 2009-2018 ARM Limited. All rights reserv
                       ed.
    2 00000000         ; 
    3 00000000         ;     SPDX-License-Identifier: Apache-2.0
    4 00000000         ; 
    5 00000000         ; Licensed under the Apache License, Version 2.0 (the Li
                       cense); you may
    6 00000000         ; not use this file except in compliance with the Licens
                       e.
    7 00000000         ; You may obtain a copy of the License at
    8 00000000         ; 
    9 00000000         ;     www.apache.org/licenses/LICENSE-2.0
   10 00000000         ; 
   11 00000000         ; Unless required by applicable law or agreed to in writ
                       ing, software
   12 00000000         ; distributed under the License is distributed on an AS 
                       IS BASIS, WITHOUT
   13 00000000         ; WARRANTIES OR CONDITIONS OF ANY KIND, either express o
                       r implied.
   14 00000000         ; See the License for the specific language governing pe
                       rmissions and
   15 00000000         ; limitations under the License.
   16 00000000         ; 
   17 00000000         ; NOTICE: This file has been modified by Nordic Semicond
                       uctor ASA.
   18 00000000         
   19 00000000                 IF               :DEF: __STARTUP_CONFIG
   26                          ENDIF
   27 00000000         
   28 00000000                 IF               :DEF: __STARTUP_CONFIG
   33 00000000 00000800 
                       Stack_Size
                               EQU              2048
   34 00000000                 ENDIF
   35 00000000         
   36 00000000                 IF               :DEF: __STARTUP_CONFIG
   39 00000000 00000003 
                       Stack_Align
                               EQU              3
   40 00000000                 ENDIF
   41 00000000         
   42 00000000                 AREA             STACK, NOINIT, READWRITE, ALIGN
=Stack_Align
   43 00000000         Stack_Mem
                               SPACE            Stack_Size
   44 00000800         __initial_sp
   45 00000800         
   46 00000800                 IF               :DEF: __STARTUP_CONFIG
   51 00000800 00000800 
                       Heap_Size
                               EQU              2048
   52 00000800                 ENDIF
   53 00000800         
   54 00000800                 AREA             HEAP, NOINIT, READWRITE, ALIGN=
3
   55 00000000         __heap_base
   56 00000000         Heap_Mem
                               SPACE            Heap_Size
   57 00000800         __heap_limit



ARM Macro Assembler    Page 2 


   58 00000800         
   59 00000800                 PRESERVE8
   60 00000800                 THUMB
   61 00000800         
   62 00000800         ; Vector Table Mapped to Address 0 at Reset
   63 00000800         
   64 00000800                 AREA             RESET, DATA, READONLY
   65 00000000                 EXPORT           __Vectors
   66 00000000                 EXPORT           __Vectors_End
   67 00000000                 EXPORT           __Vectors_Size
   68 00000000         
   69 00000000 00000000 
                       __Vectors
                               DCD              __initial_sp ; Top of Stack
   70 00000004 00000000        DCD              Reset_Handler
   71 00000008 00000000        DCD              NMI_Handler
   72 0000000C 00000000        DCD              HardFault_Handler
   73 00000010 00000000        DCD              0           ; Reserved
   74 00000014 00000000        DCD              0           ; Reserved
   75 00000018 00000000        DCD              0           ; Reserved
   76 0000001C 00000000        DCD              0           ; Reserved
   77 00000020 00000000        DCD              0           ; Reserved
   78 00000024 00000000        DCD              0           ; Reserved
   79 00000028 00000000        DCD              0           ; Reserved
   80 0000002C 00000000        DCD              SVC_Handler
   81 00000030 00000000        DCD              0           ; Reserved
   82 00000034 00000000        DCD              0           ; Reserved
   83 00000038 00000000        DCD              PendSV_Handler
   84 0000003C 00000000        DCD              SysTick_Handler
   85 00000040         
   86 00000040         ; External Interrupts
   87 00000040 00000000        DCD              POWER_CLOCK_IRQHandler
   88 00000044 00000000        DCD              RADIO_IRQHandler
   89 00000048 00000000        DCD              UART0_IRQHandler
   90 0000004C 00000000        DCD              SPI0_TWI0_IRQHandler
   91 00000050 00000000        DCD              SPI1_TWI1_IRQHandler
   92 00000054 00000000        DCD              0           ; Reserved
   93 00000058 00000000        DCD              GPIOTE_IRQHandler
   94 0000005C 00000000        DCD              ADC_IRQHandler
   95 00000060 00000000        DCD              TIMER0_IRQHandler
   96 00000064 00000000        DCD              TIMER1_IRQHandler
   97 00000068 00000000        DCD              TIMER2_IRQHandler
   98 0000006C 00000000        DCD              RTC0_IRQHandler
   99 00000070 00000000        DCD              TEMP_IRQHandler
  100 00000074 00000000        DCD              RNG_IRQHandler
  101 00000078 00000000        DCD              ECB_IRQHandler
  102 0000007C 00000000        DCD              CCM_AAR_IRQHandler
  103 00000080 00000000        DCD              WDT_IRQHandler
  104 00000084 00000000        DCD              RTC1_IRQHandler
  105 00000088 00000000        DCD              QDEC_IRQHandler
  106 0000008C 00000000        DCD              LPCOMP_IRQHandler
  107 00000090 00000000        DCD              SWI0_IRQHandler
  108 00000094 00000000        DCD              SWI1_IRQHandler
  109 00000098 00000000        DCD              SWI2_IRQHandler
  110 0000009C 00000000        DCD              SWI3_IRQHandler
  111 000000A0 00000000        DCD              SWI4_IRQHandler
  112 000000A4 00000000        DCD              SWI5_IRQHandler
  113 000000A8 00000000        DCD              0           ; Reserved
  114 000000AC 00000000        DCD              0           ; Reserved



ARM Macro Assembler    Page 3 


  115 000000B0 00000000        DCD              0           ; Reserved
  116 000000B4 00000000        DCD              0           ; Reserved
  117 000000B8 00000000        DCD              0           ; Reserved
  118 000000BC 00000000        DCD              0           ; Reserved
  119 000000C0         
  120 000000C0         __Vectors_End
  121 000000C0         
  122 000000C0 000000C0 
                       __Vectors_Size
                               EQU              __Vectors_End - __Vectors
  123 000000C0         
  124 000000C0                 AREA             |.text|, CODE, READONLY
  125 00000000         
  126 00000000         ; Reset Handler
  127 00000000         
  128 00000000 40000524 
                       NRF_POWER_RAMON_ADDRESS
                               EQU              0x40000524  ; NRF_POWER->RAMON 
                                                            address
  129 00000000 40000554 
                       NRF_POWER_RAMONB_ADDRESS
                               EQU              0x40000554  ; NRF_POWER->RAMONB
                                                             address
  130 00000000 00000003 
                       NRF_POWER_RAMONx_RAMxON_ONMODE_Msk
                               EQU              0x3         ; All RAM blocks on
                                                             in onmode bit mask
                                                            
  131 00000000         
  132 00000000         Reset_Handler
                               PROC
  133 00000000                 EXPORT           Reset_Handler             [WEAK
]
  134 00000000                 IMPORT           SystemInit
  135 00000000                 IMPORT           __main
  136 00000000         
  137 00000000 2103            MOVS             R1, #NRF_POWER_RAMONx_RAMxON_ON
MODE_Msk
  138 00000002         
  139 00000002 4809            LDR              R0, =NRF_POWER_RAMON_ADDRESS
  140 00000004 6802            LDR              R2, [R0]
  141 00000006 430A            ORRS             R2, R2, R1
  142 00000008 6002            STR              R2, [R0]
  143 0000000A         
  144 0000000A 4808            LDR              R0, =NRF_POWER_RAMONB_ADDRESS
  145 0000000C 6802            LDR              R2, [R0]
  146 0000000E 430A            ORRS             R2, R2, R1
  147 00000010 6002            STR              R2, [R0]
  148 00000012         
  149 00000012 4807            LDR              R0, =SystemInit
  150 00000014 4780            BLX              R0
  151 00000016 4807            LDR              R0, =__main
  152 00000018 4700            BX               R0
  153 0000001A                 ENDP
  154 0000001A         
  155 0000001A         ; Dummy Exception Handlers (infinite loops which can be 
                       modified)
  156 0000001A         
  157 0000001A         NMI_Handler



ARM Macro Assembler    Page 4 


                               PROC
  158 0000001A                 EXPORT           NMI_Handler               [WEAK
]
  159 0000001A E7FE            B                .
  160 0000001C                 ENDP
  162 0000001C         HardFault_Handler
                               PROC
  163 0000001C                 EXPORT           HardFault_Handler         [WEAK
]
  164 0000001C E7FE            B                .
  165 0000001E                 ENDP
  166 0000001E         SVC_Handler
                               PROC
  167 0000001E                 EXPORT           SVC_Handler               [WEAK
]
  168 0000001E E7FE            B                .
  169 00000020                 ENDP
  170 00000020         PendSV_Handler
                               PROC
  171 00000020                 EXPORT           PendSV_Handler            [WEAK
]
  172 00000020 E7FE            B                .
  173 00000022                 ENDP
  174 00000022         SysTick_Handler
                               PROC
  175 00000022                 EXPORT           SysTick_Handler           [WEAK
]
  176 00000022 E7FE            B                .
  177 00000024                 ENDP
  178 00000024         
  179 00000024         Default_Handler
                               PROC
  180 00000024         
  181 00000024                 EXPORT           POWER_CLOCK_IRQHandler [WEAK]
  182 00000024                 EXPORT           RADIO_IRQHandler [WEAK]
  183 00000024                 EXPORT           UART0_IRQHandler [WEAK]
  184 00000024                 EXPORT           SPI0_TWI0_IRQHandler [WEAK]
  185 00000024                 EXPORT           SPI1_TWI1_IRQHandler [WEAK]
  186 00000024                 EXPORT           GPIOTE_IRQHandler [WEAK]
  187 00000024                 EXPORT           ADC_IRQHandler [WEAK]
  188 00000024                 EXPORT           TIMER0_IRQHandler [WEAK]
  189 00000024                 EXPORT           TIMER1_IRQHandler [WEAK]
  190 00000024                 EXPORT           TIMER2_IRQHandler [WEAK]
  191 00000024                 EXPORT           RTC0_IRQHandler [WEAK]
  192 00000024                 EXPORT           TEMP_IRQHandler [WEAK]
  193 00000024                 EXPORT           RNG_IRQHandler [WEAK]
  194 00000024                 EXPORT           ECB_IRQHandler [WEAK]
  195 00000024                 EXPORT           CCM_AAR_IRQHandler [WEAK]
  196 00000024                 EXPORT           WDT_IRQHandler [WEAK]
  197 00000024                 EXPORT           RTC1_IRQHandler [WEAK]
  198 00000024                 EXPORT           QDEC_IRQHandler [WEAK]
  199 00000024                 EXPORT           LPCOMP_IRQHandler [WEAK]
  200 00000024                 EXPORT           SWI0_IRQHandler [WEAK]
  201 00000024                 EXPORT           SWI1_IRQHandler [WEAK]
  202 00000024                 EXPORT           SWI2_IRQHandler [WEAK]
  203 00000024                 EXPORT           SWI3_IRQHandler [WEAK]
  204 00000024                 EXPORT           SWI4_IRQHandler [WEAK]
  205 00000024                 EXPORT           SWI5_IRQHandler [WEAK]
  206 00000024         POWER_CLOCK_IRQHandler



ARM Macro Assembler    Page 5 


  207 00000024         RADIO_IRQHandler
  208 00000024         UART0_IRQHandler
  209 00000024         SPI0_TWI0_IRQHandler
  210 00000024         SPI1_TWI1_IRQHandler
  211 00000024         GPIOTE_IRQHandler
  212 00000024         ADC_IRQHandler
  213 00000024         TIMER0_IRQHandler
  214 00000024         TIMER1_IRQHandler
  215 00000024         TIMER2_IRQHandler
  216 00000024         RTC0_IRQHandler
  217 00000024         TEMP_IRQHandler
  218 00000024         RNG_IRQHandler
  219 00000024         ECB_IRQHandler
  220 00000024         CCM_AAR_IRQHandler
  221 00000024         WDT_IRQHandler
  222 00000024         RTC1_IRQHandler
  223 00000024         QDEC_IRQHandler
  224 00000024         LPCOMP_IRQHandler
  225 00000024         SWI0_IRQHandler
  226 00000024         SWI1_IRQHandler
  227 00000024         SWI2_IRQHandler
  228 00000024         SWI3_IRQHandler
  229 00000024         SWI4_IRQHandler
  230 00000024         SWI5_IRQHandler
  231 00000024 E7FE            B                .
  232 00000026                 ENDP
  233 00000026 00 00           ALIGN
  234 00000028         
  235 00000028         ; User Initial Stack & Heap
  236 00000028         
  237 00000028                 IF               :DEF:__MICROLIB
  238 00000028         
  239 00000028                 EXPORT           __initial_sp
  240 00000028                 EXPORT           __heap_base
  241 00000028                 EXPORT           __heap_limit
  242 00000028         
  243 00000028                 ELSE
  259                          ENDIF
  260 00000028         
  261 00000028                 END
              40000524 
              40000554 
              00000000 
              00000000 
Command Line: --debug --xref --diag_suppress=9931 --cpu=Cortex-M0 --apcs=interw
ork --depend=.\_build\arm_startup_nrf51.d -o.\_build\arm_startup_nrf51.o -I.\RT
E\_nRF51822_S110 -IC:\Keil_v5\ARM\PACK\ARM\CMSIS\5.0.1\CMSIS\Include -IC:\Keil_
v5\ARM\PACK\NordicSemiconductor\nRF_DeviceFamilyPack\8.24.1\Device\Include --pr
edefine="__MICROLIB SETA 1" --predefine="__UVISION_VERSION SETA 524" --predefin
e="_RTE_ SETA 1" --predefine="NRF51 SETA 1" --list=.\_build\arm_startup_nrf51.l
st RTE\Device\nRF51822_xxAC\arm_startup_nrf51.s



ARM Macro Assembler    Page 1 Alphabetic symbol ordering
Relocatable symbols

STACK 00000000

Symbol: STACK
   Definitions
      At line 42 in file RTE\Device\nRF51822_xxAC\arm_startup_nrf51.s
   Uses
      None
Comment: STACK unused
Stack_Mem 00000000

Symbol: Stack_Mem
   Definitions
      At line 43 in file RTE\Device\nRF51822_xxAC\arm_startup_nrf51.s
   Uses
      None
Comment: Stack_Mem unused
__initial_sp 00000800

Symbol: __initial_sp
   Definitions
      At line 44 in file RTE\Device\nRF51822_xxAC\arm_startup_nrf51.s
   Uses
      At line 69 in file RTE\Device\nRF51822_xxAC\arm_startup_nrf51.s
      At line 239 in file RTE\Device\nRF51822_xxAC\arm_startup_nrf51.s

3 symbols



ARM Macro Assembler    Page 1 Alphabetic symbol ordering
Relocatable symbols

HEAP 00000000

Symbol: HEAP
   Definitions
      At line 54 in file RTE\Device\nRF51822_xxAC\arm_startup_nrf51.s
   Uses
      None
Comment: HEAP unused
Heap_Mem 00000000

Symbol: Heap_Mem
   Definitions
      At line 56 in file RTE\Device\nRF51822_xxAC\arm_startup_nrf51.s
   Uses
      None
Comment: Heap_Mem unused
__heap_base 00000000

Symbol: __heap_base
   Definitions
      At line 55 in file RTE\Device\nRF51822_xxAC\arm_startup_nrf51.s
   Uses
      At line 240 in file RTE\Device\nRF51822_xxAC\arm_startup_nrf51.s
Comment: __heap_base used once
__heap_limit 00000800

Symbol: __heap_limit
   Definitions
      At line 57 in file RTE\Device\nRF51822_xxAC\arm_startup_nrf51.s
   Uses
      At line 241 in file RTE\Device\nRF51822_xxAC\arm_startup_nrf51.s
Comment: __heap_limit used once
4 symbols



ARM Macro Assembler    Page 1 Alphabetic symbol ordering
Relocatable symbols

RESET 00000000

Symbol: RESET
   Definitions
      At line 64 in file RTE\Device\nRF51822_xxAC\arm_startup_nrf51.s
   Uses
      None
Comment: RESET unused
__Vectors 00000000

Symbol: __Vectors
   Definitions
      At line 69 in file RTE\Device\nRF51822_xxAC\arm_startup_nrf51.s
   Uses
      At line 65 in file RTE\Device\nRF51822_xxAC\arm_startup_nrf51.s
      At line 122 in file RTE\Device\nRF51822_xxAC\arm_startup_nrf51.s

__Vectors_End 000000C0

Symbol: __Vectors_End
   Definitions
      At line 120 in file RTE\Device\nRF51822_xxAC\arm_startup_nrf51.s
   Uses
      At line 66 in file RTE\Device\nRF51822_xxAC\arm_startup_nrf51.s
      At line 122 in file RTE\Device\nRF51822_xxAC\arm_startup_nrf51.s

3 symbols



ARM Macro Assembler    Page 1 Alphabetic symbol ordering
Relocatable symbols

.text 00000000

Symbol: .text
   Definitions
      At line 124 in file RTE\Device\nRF51822_xxAC\arm_startup_nrf51.s
   Uses
      None
Comment: .text unused
ADC_IRQHandler 00000024

Symbol: ADC_IRQHandler
   Definitions
      At line 212 in file RTE\Device\nRF51822_xxAC\arm_startup_nrf51.s
   Uses
      At line 94 in file RTE\Device\nRF51822_xxAC\arm_startup_nrf51.s
      At line 187 in file RTE\Device\nRF51822_xxAC\arm_startup_nrf51.s

CCM_AAR_IRQHandler 00000024

Symbol: CCM_AAR_IRQHandler
   Definitions
      At line 220 in file RTE\Device\nRF51822_xxAC\arm_startup_nrf51.s
   Uses
      At line 102 in file RTE\Device\nRF51822_xxAC\arm_startup_nrf51.s
      At line 195 in file RTE\Device\nRF51822_xxAC\arm_startup_nrf51.s

Default_Handler 00000024

Symbol: Default_Handler
   Definitions
      At line 179 in file RTE\Device\nRF51822_xxAC\arm_startup_nrf51.s
   Uses
      None
Comment: Default_Handler unused
ECB_IRQHandler 00000024

Symbol: ECB_IRQHandler
   Definitions
      At line 219 in file RTE\Device\nRF51822_xxAC\arm_startup_nrf51.s
   Uses
      At line 101 in file RTE\Device\nRF51822_xxAC\arm_startup_nrf51.s
      At line 194 in file RTE\Device\nRF51822_xxAC\arm_startup_nrf51.s

GPIOTE_IRQHandler 00000024

Symbol: GPIOTE_IRQHandler
   Definitions
      At line 211 in file RTE\Device\nRF51822_xxAC\arm_startup_nrf51.s
   Uses
      At line 93 in file RTE\Device\nRF51822_xxAC\arm_startup_nrf51.s
      At line 186 in file RTE\Device\nRF51822_xxAC\arm_startup_nrf51.s

HardFault_Handler 0000001C

Symbol: HardFault_Handler
   Definitions
      At line 162 in file RTE\Device\nRF51822_xxAC\arm_startup_nrf51.s
   Uses
      At line 72 in file RTE\Device\nRF51822_xxAC\arm_startup_nrf51.s



ARM Macro Assembler    Page 2 Alphabetic symbol ordering
Relocatable symbols

      At line 163 in file RTE\Device\nRF51822_xxAC\arm_startup_nrf51.s

LPCOMP_IRQHandler 00000024

Symbol: LPCOMP_IRQHandler
   Definitions
      At line 224 in file RTE\Device\nRF51822_xxAC\arm_startup_nrf51.s
   Uses
      At line 106 in file RTE\Device\nRF51822_xxAC\arm_startup_nrf51.s
      At line 199 in file RTE\Device\nRF51822_xxAC\arm_startup_nrf51.s

NMI_Handler 0000001A

Symbol: NMI_Handler
   Definitions
      At line 157 in file RTE\Device\nRF51822_xxAC\arm_startup_nrf51.s
   Uses
      At line 71 in file RTE\Device\nRF51822_xxAC\arm_startup_nrf51.s
      At line 158 in file RTE\Device\nRF51822_xxAC\arm_startup_nrf51.s

POWER_CLOCK_IRQHandler 00000024

Symbol: POWER_CLOCK_IRQHandler
   Definitions
      At line 206 in file RTE\Device\nRF51822_xxAC\arm_startup_nrf51.s
   Uses
      At line 87 in file RTE\Device\nRF51822_xxAC\arm_startup_nrf51.s
      At line 181 in file RTE\Device\nRF51822_xxAC\arm_startup_nrf51.s

PendSV_Handler 00000020

Symbol: PendSV_Handler
   Definitions
      At line 170 in file RTE\Device\nRF51822_xxAC\arm_startup_nrf51.s
   Uses
      At line 83 in file RTE\Device\nRF51822_xxAC\arm_startup_nrf51.s
      At line 171 in file RTE\Device\nRF51822_xxAC\arm_startup_nrf51.s

QDEC_IRQHandler 00000024

Symbol: QDEC_IRQHandler
   Definitions
      At line 223 in file RTE\Device\nRF51822_xxAC\arm_startup_nrf51.s
   Uses
      At line 105 in file RTE\Device\nRF51822_xxAC\arm_startup_nrf51.s
      At line 198 in file RTE\Device\nRF51822_xxAC\arm_startup_nrf51.s

RADIO_IRQHandler 00000024

Symbol: RADIO_IRQHandler
   Definitions
      At line 207 in file RTE\Device\nRF51822_xxAC\arm_startup_nrf51.s
   Uses
      At line 88 in file RTE\Device\nRF51822_xxAC\arm_startup_nrf51.s
      At line 182 in file RTE\Device\nRF51822_xxAC\arm_startup_nrf51.s

RNG_IRQHandler 00000024

Symbol: RNG_IRQHandler



ARM Macro Assembler    Page 3 Alphabetic symbol ordering
Relocatable symbols

   Definitions
      At line 218 in file RTE\Device\nRF51822_xxAC\arm_startup_nrf51.s
   Uses
      At line 100 in file RTE\Device\nRF51822_xxAC\arm_startup_nrf51.s
      At line 193 in file RTE\Device\nRF51822_xxAC\arm_startup_nrf51.s

RTC0_IRQHandler 00000024

Symbol: RTC0_IRQHandler
   Definitions
      At line 216 in file RTE\Device\nRF51822_xxAC\arm_startup_nrf51.s
   Uses
      At line 98 in file RTE\Device\nRF51822_xxAC\arm_startup_nrf51.s
      At line 191 in file RTE\Device\nRF51822_xxAC\arm_startup_nrf51.s

RTC1_IRQHandler 00000024

Symbol: RTC1_IRQHandler
   Definitions
      At line 222 in file RTE\Device\nRF51822_xxAC\arm_startup_nrf51.s
   Uses
      At line 104 in file RTE\Device\nRF51822_xxAC\arm_startup_nrf51.s
      At line 197 in file RTE\Device\nRF51822_xxAC\arm_startup_nrf51.s

Reset_Handler 00000000

Symbol: Reset_Handler
   Definitions
      At line 132 in file RTE\Device\nRF51822_xxAC\arm_startup_nrf51.s
   Uses
      At line 70 in file RTE\Device\nRF51822_xxAC\arm_startup_nrf51.s
      At line 133 in file RTE\Device\nRF51822_xxAC\arm_startup_nrf51.s

SPI0_TWI0_IRQHandler 00000024

Symbol: SPI0_TWI0_IRQHandler
   Definitions
      At line 209 in file RTE\Device\nRF51822_xxAC\arm_startup_nrf51.s
   Uses
      At line 90 in file RTE\Device\nRF51822_xxAC\arm_startup_nrf51.s
      At line 184 in file RTE\Device\nRF51822_xxAC\arm_startup_nrf51.s

SPI1_TWI1_IRQHandler 00000024

Symbol: SPI1_TWI1_IRQHandler
   Definitions
      At line 210 in file RTE\Device\nRF51822_xxAC\arm_startup_nrf51.s
   Uses
      At line 91 in file RTE\Device\nRF51822_xxAC\arm_startup_nrf51.s
      At line 185 in file RTE\Device\nRF51822_xxAC\arm_startup_nrf51.s

SVC_Handler 0000001E

Symbol: SVC_Handler
   Definitions
      At line 166 in file RTE\Device\nRF51822_xxAC\arm_startup_nrf51.s
   Uses
      At line 80 in file RTE\Device\nRF51822_xxAC\arm_startup_nrf51.s
      At line 167 in file RTE\Device\nRF51822_xxAC\arm_startup_nrf51.s



ARM Macro Assembler    Page 4 Alphabetic symbol ordering
Relocatable symbols


SWI0_IRQHandler 00000024

Symbol: SWI0_IRQHandler
   Definitions
      At line 225 in file RTE\Device\nRF51822_xxAC\arm_startup_nrf51.s
   Uses
      At line 107 in file RTE\Device\nRF51822_xxAC\arm_startup_nrf51.s
      At line 200 in file RTE\Device\nRF51822_xxAC\arm_startup_nrf51.s

SWI1_IRQHandler 00000024

Symbol: SWI1_IRQHandler
   Definitions
      At line 226 in file RTE\Device\nRF51822_xxAC\arm_startup_nrf51.s
   Uses
      At line 108 in file RTE\Device\nRF51822_xxAC\arm_startup_nrf51.s
      At line 201 in file RTE\Device\nRF51822_xxAC\arm_startup_nrf51.s

SWI2_IRQHandler 00000024

Symbol: SWI2_IRQHandler
   Definitions
      At line 227 in file RTE\Device\nRF51822_xxAC\arm_startup_nrf51.s
   Uses
      At line 109 in file RTE\Device\nRF51822_xxAC\arm_startup_nrf51.s
      At line 202 in file RTE\Device\nRF51822_xxAC\arm_startup_nrf51.s

SWI3_IRQHandler 00000024

Symbol: SWI3_IRQHandler
   Definitions
      At line 228 in file RTE\Device\nRF51822_xxAC\arm_startup_nrf51.s
   Uses
      At line 110 in file RTE\Device\nRF51822_xxAC\arm_startup_nrf51.s
      At line 203 in file RTE\Device\nRF51822_xxAC\arm_startup_nrf51.s

SWI4_IRQHandler 00000024

Symbol: SWI4_IRQHandler
   Definitions
      At line 229 in file RTE\Device\nRF51822_xxAC\arm_startup_nrf51.s
   Uses
      At line 111 in file RTE\Device\nRF51822_xxAC\arm_startup_nrf51.s
      At line 204 in file RTE\Device\nRF51822_xxAC\arm_startup_nrf51.s

SWI5_IRQHandler 00000024

Symbol: SWI5_IRQHandler
   Definitions
      At line 230 in file RTE\Device\nRF51822_xxAC\arm_startup_nrf51.s
   Uses
      At line 112 in file RTE\Device\nRF51822_xxAC\arm_startup_nrf51.s
      At line 205 in file RTE\Device\nRF51822_xxAC\arm_startup_nrf51.s

SysTick_Handler 00000022

Symbol: SysTick_Handler
   Definitions



ARM Macro Assembler    Page 5 Alphabetic symbol ordering
Relocatable symbols

      At line 174 in file RTE\Device\nRF51822_xxAC\arm_startup_nrf51.s
   Uses
      At line 84 in file RTE\Device\nRF51822_xxAC\arm_startup_nrf51.s
      At line 175 in file RTE\Device\nRF51822_xxAC\arm_startup_nrf51.s

TEMP_IRQHandler 00000024

Symbol: TEMP_IRQHandler
   Definitions
      At line 217 in file RTE\Device\nRF51822_xxAC\arm_startup_nrf51.s
   Uses
      At line 99 in file RTE\Device\nRF51822_xxAC\arm_startup_nrf51.s
      At line 192 in file RTE\Device\nRF51822_xxAC\arm_startup_nrf51.s

TIMER0_IRQHandler 00000024

Symbol: TIMER0_IRQHandler
   Definitions
      At line 213 in file RTE\Device\nRF51822_xxAC\arm_startup_nrf51.s
   Uses
      At line 95 in file RTE\Device\nRF51822_xxAC\arm_startup_nrf51.s
      At line 188 in file RTE\Device\nRF51822_xxAC\arm_startup_nrf51.s

TIMER1_IRQHandler 00000024

Symbol: TIMER1_IRQHandler
   Definitions
      At line 214 in file RTE\Device\nRF51822_xxAC\arm_startup_nrf51.s
   Uses
      At line 96 in file RTE\Device\nRF51822_xxAC\arm_startup_nrf51.s
      At line 189 in file RTE\Device\nRF51822_xxAC\arm_startup_nrf51.s

TIMER2_IRQHandler 00000024

Symbol: TIMER2_IRQHandler
   Definitions
      At line 215 in file RTE\Device\nRF51822_xxAC\arm_startup_nrf51.s
   Uses
      At line 97 in file RTE\Device\nRF51822_xxAC\arm_startup_nrf51.s
      At line 190 in file RTE\Device\nRF51822_xxAC\arm_startup_nrf51.s

UART0_IRQHandler 00000024

Symbol: UART0_IRQHandler
   Definitions
      At line 208 in file RTE\Device\nRF51822_xxAC\arm_startup_nrf51.s
   Uses
      At line 89 in file RTE\Device\nRF51822_xxAC\arm_startup_nrf51.s
      At line 183 in file RTE\Device\nRF51822_xxAC\arm_startup_nrf51.s

WDT_IRQHandler 00000024

Symbol: WDT_IRQHandler
   Definitions
      At line 221 in file RTE\Device\nRF51822_xxAC\arm_startup_nrf51.s
   Uses
      At line 103 in file RTE\Device\nRF51822_xxAC\arm_startup_nrf51.s
      At line 196 in file RTE\Device\nRF51822_xxAC\arm_startup_nrf51.s




ARM Macro Assembler    Page 6 Alphabetic symbol ordering
Relocatable symbols

33 symbols



ARM Macro Assembler    Page 1 Alphabetic symbol ordering
Absolute symbols

Heap_Size 00000800

Symbol: Heap_Size
   Definitions
      At line 51 in file RTE\Device\nRF51822_xxAC\arm_startup_nrf51.s
   Uses
      At line 56 in file RTE\Device\nRF51822_xxAC\arm_startup_nrf51.s
Comment: Heap_Size used once
NRF_POWER_RAMONB_ADDRESS 40000554

Symbol: NRF_POWER_RAMONB_ADDRESS
   Definitions
      At line 129 in file RTE\Device\nRF51822_xxAC\arm_startup_nrf51.s
   Uses
      At line 144 in file RTE\Device\nRF51822_xxAC\arm_startup_nrf51.s
Comment: NRF_POWER_RAMONB_ADDRESS used once
NRF_POWER_RAMON_ADDRESS 40000524

Symbol: NRF_POWER_RAMON_ADDRESS
   Definitions
      At line 128 in file RTE\Device\nRF51822_xxAC\arm_startup_nrf51.s
   Uses
      At line 139 in file RTE\Device\nRF51822_xxAC\arm_startup_nrf51.s
Comment: NRF_POWER_RAMON_ADDRESS used once
NRF_POWER_RAMONx_RAMxON_ONMODE_Msk 00000003

Symbol: NRF_POWER_RAMONx_RAMxON_ONMODE_Msk
   Definitions
      At line 130 in file RTE\Device\nRF51822_xxAC\arm_startup_nrf51.s
   Uses
      At line 137 in file RTE\Device\nRF51822_xxAC\arm_startup_nrf51.s
Comment: NRF_POWER_RAMONx_RAMxON_ONMODE_Msk used once
Stack_Align 00000003

Symbol: Stack_Align
   Definitions
      At line 39 in file RTE\Device\nRF51822_xxAC\arm_startup_nrf51.s
   Uses
      At line 42 in file RTE\Device\nRF51822_xxAC\arm_startup_nrf51.s
Comment: Stack_Align used once
Stack_Size 00000800

Symbol: Stack_Size
   Definitions
      At line 33 in file RTE\Device\nRF51822_xxAC\arm_startup_nrf51.s
   Uses
      At line 43 in file RTE\Device\nRF51822_xxAC\arm_startup_nrf51.s
Comment: Stack_Size used once
__Vectors_Size 000000C0

Symbol: __Vectors_Size
   Definitions
      At line 122 in file RTE\Device\nRF51822_xxAC\arm_startup_nrf51.s
   Uses
      At line 67 in file RTE\Device\nRF51822_xxAC\arm_startup_nrf51.s
Comment: __Vectors_Size used once
7 symbols



ARM Macro Assembler    Page 1 Alphabetic symbol ordering
External symbols

SystemInit 00000000

Symbol: SystemInit
   Definitions
      At line 134 in file RTE\Device\nRF51822_xxAC\arm_startup_nrf51.s
   Uses
      At line 149 in file RTE\Device\nRF51822_xxAC\arm_startup_nrf51.s
Comment: SystemInit used once
__main 00000000

Symbol: __main
   Definitions
      At line 135 in file RTE\Device\nRF51822_xxAC\arm_startup_nrf51.s
   Uses
      At line 151 in file RTE\Device\nRF51822_xxAC\arm_startup_nrf51.s
Comment: __main used once
2 symbols
400 symbols in table
